TN:
SF:config\db.js
FN:3,(anonymous_0)
FNF:1
FNH:0
FNDA:0,(anonymous_0)
DA:3,0
DA:4,0
DA:5,0
DA:6,0
DA:9,0
DA:11,0
DA:12,0
DA:18,0
DA:20,0
DA:21,0
LF:10
LH:0
BRDA:5,0,0,0
BRDA:5,0,1,0
BRF:2
BRH:0
end_of_record
TN:
SF:middleware\auth.js
FN:3,(anonymous_0)
FN:24,(anonymous_1)
FN:24,(anonymous_2)
FNF:3
FNH:3
FNDA:6,(anonymous_0)
FNDA:4,(anonymous_1)
FNDA:4,(anonymous_2)
DA:3,1
DA:4,6
DA:5,6
DA:6,2
DA:9,4
DA:10,4
DA:11,4
DA:12,1
DA:15,3
DA:16,3
DA:17,1
DA:18,1
DA:20,2
DA:24,4
DA:25,4
DA:26,1
DA:29,3
DA:30,1
DA:33,2
LF:19
LH:19
BRDA:5,0,0,2
BRDA:5,0,1,4
BRDA:11,1,0,1
BRDA:11,1,1,3
BRDA:25,2,0,1
BRDA:25,2,1,3
BRDA:29,3,0,1
BRDA:29,3,1,2
BRF:8
BRH:8
end_of_record
TN:
SF:models\Booking.js
FNF:0
FNH:0
DA:3,1
DA:17,1
LF:2
LH:2
BRDA:17,0,0,1
BRDA:17,0,1,1
BRF:2
BRH:2
end_of_record
TN:
SF:models\Service.js
FNF:0
FNH:0
DA:3,1
DA:12,1
DA:29,1
LF:3
LH:3
BRDA:29,0,0,1
BRDA:29,0,1,1
BRF:2
BRH:2
end_of_record
TN:
SF:models\SimpleDB.js
FN:12,(anonymous_0)
FN:189,(anonymous_1)
FN:200,(anonymous_2)
FN:209,(anonymous_3)
FN:210,(anonymous_4)
FN:211,(anonymous_5)
FN:216,(anonymous_6)
FN:217,(anonymous_7)
FN:218,(anonymous_8)
FN:222,(anonymous_9)
FN:223,(anonymous_10)
FN:233,(anonymous_11)
FN:234,(anonymous_12)
FN:235,(anonymous_13)
FN:239,(anonymous_14)
FN:250,(anonymous_15)
FN:251,(anonymous_16)
FN:260,(anonymous_17)
FN:261,(anonymous_18)
FNF:19
FNH:0
FNDA:0,(anonymous_0)
FNDA:0,(anonymous_1)
FNDA:0,(anonymous_2)
FNDA:0,(anonymous_3)
FNDA:0,(anonymous_4)
FNDA:0,(anonymous_5)
FNDA:0,(anonymous_6)
FNDA:0,(anonymous_7)
FNDA:0,(anonymous_8)
FNDA:0,(anonymous_9)
FNDA:0,(anonymous_10)
FNDA:0,(anonymous_11)
FNDA:0,(anonymous_12)
FNDA:0,(anonymous_13)
FNDA:0,(anonymous_14)
FNDA:0,(anonymous_15)
FNDA:0,(anonymous_16)
FNDA:0,(anonymous_17)
FNDA:0,(anonymous_18)
DA:5,0
DA:6,0
DA:8,0
DA:13,0
DA:186,0
DA:190,0
DA:191,0
DA:192,0
DA:193,0
DA:196,0
DA:201,0
DA:202,0
DA:204,0
DA:210,0
DA:211,0
DA:217,0
DA:218,0
DA:223,0
DA:224,0
DA:225,0
DA:226,0
DA:227,0
DA:229,0
DA:234,0
DA:235,0
DA:240,0
DA:245,0
DA:246,0
DA:247,0
DA:251,0
DA:252,0
DA:253,0
DA:254,0
DA:255,0
DA:257,0
DA:261,0
DA:262,0
DA:263,0
DA:264,0
DA:265,0
DA:267,0
LF:41
LH:0
BRDA:191,0,0,0
BRDA:191,0,1,0
BRDA:216,1,0,0
BRDA:224,2,0,0
BRDA:224,2,1,0
BRDA:233,3,0,0
BRDA:251,4,0,0
BRDA:251,4,1,0
BRDA:252,5,0,0
BRDA:252,5,1,0
BRDA:261,6,0,0
BRDA:261,6,1,0
BRDA:262,7,0,0
BRDA:262,7,1,0
BRF:14
BRH:0
end_of_record
TN:
SF:models\User.js
FNF:0
FNH:0
DA:3,1
DA:10,1
LF:2
LH:2
BRDA:10,0,0,1
BRDA:10,0,1,1
BRF:2
BRH:2
end_of_record
TN:
SF:routes\auth.js
FN:8,(anonymous_0)
FN:50,(anonymous_1)
FNF:2
FNH:2
FNDA:6,(anonymous_0)
FNDA:8,(anonymous_1)
DA:6,1
DA:8,1
DA:9,6
DA:10,6
DA:11,6
DA:12,1
DA:16,5
DA:17,1
DA:19,4
DA:21,5
DA:22,1
DA:25,4
DA:26,4
DA:27,1
DA:30,3
DA:31,3
DA:32,1
DA:35,2
DA:41,2
DA:46,0
DA:50,1
DA:51,8
DA:52,8
DA:54,8
DA:55,1
DA:58,7
DA:59,1
DA:62,6
DA:64,6
DA:65,2
DA:66,2
DA:67,1
DA:69,1
DA:72,4
DA:73,4
DA:74,1
DA:77,3
DA:79,3
DA:86,3
DA:91,0
LF:40
LH:38
BRDA:11,0,0,1
BRDA:11,0,1,5
BRDA:11,1,0,6
BRDA:11,1,1,6
BRDA:16,2,0,1
BRDA:16,2,1,4
BRDA:21,3,0,1
BRDA:21,3,1,4
BRDA:26,4,0,1
BRDA:26,4,1,3
BRDA:31,5,0,1
BRDA:31,5,1,2
BRDA:54,6,0,1
BRDA:54,6,1,7
BRDA:54,7,0,8
BRDA:54,7,1,8
BRDA:54,7,2,7
BRDA:58,8,0,1
BRDA:58,8,1,6
BRDA:62,9,0,1
BRDA:62,9,1,5
BRDA:64,10,0,2
BRDA:64,10,1,4
BRDA:66,11,0,1
BRDA:66,11,1,1
BRDA:73,12,0,1
BRDA:73,12,1,3
BRF:27
BRH:27
end_of_record
TN:
SF:routes\bookings.js
FN:8,(anonymous_0)
FN:12,(anonymous_1)
FN:26,(anonymous_2)
FN:45,(anonymous_3)
FN:52,(anonymous_4)
FN:101,(anonymous_5)
FN:123,(anonymous_6)
FNF:7
FNH:6
FNDA:1,(anonymous_0)
FNDA:3,(anonymous_1)
FNDA:6,(anonymous_2)
FNDA:0,(anonymous_3)
FNDA:1,(anonymous_4)
FNDA:3,(anonymous_5)
FNDA:3,(anonymous_6)
DA:6,1
DA:8,1
DA:9,1
DA:12,1
DA:13,3
DA:15,3
DA:16,1
DA:18,2
DA:20,2
DA:22,1
DA:26,1
DA:27,6
DA:28,6
DA:29,6
DA:30,1
DA:34,5
DA:35,1
DA:37,4
DA:39,5
DA:40,1
DA:44,4
DA:45,1
DA:47,3
DA:49,4
DA:50,4
DA:52,4
DA:53,1
DA:55,1
DA:56,1
DA:57,1
DA:60,4
DA:61,1
DA:64,3
DA:66,3
DA:67,1
DA:80,2
DA:95,3
DA:97,0
DA:101,1
DA:102,3
DA:103,3
DA:105,3
DA:106,1
DA:108,2
DA:114,3
DA:115,1
DA:117,2
DA:119,0
DA:123,1
DA:124,3
DA:126,3
DA:127,1
DA:129,2
DA:131,3
DA:132,1
DA:134,2
DA:136,0
LF:57
LH:54
BRDA:9,0,0,1
BRDA:9,0,1,1
BRDA:15,1,0,1
BRDA:15,1,1,2
BRDA:29,2,0,1
BRDA:29,2,1,5
BRDA:29,3,0,6
BRDA:29,3,1,6
BRDA:29,3,2,5
BRDA:29,3,3,5
BRDA:29,3,4,5
BRDA:29,3,5,5
BRDA:29,3,6,5
BRDA:29,3,7,5
BRDA:34,4,0,1
BRDA:34,4,1,4
BRDA:39,5,0,1
BRDA:39,5,1,4
BRDA:44,6,0,1
BRDA:44,6,1,3
BRDA:53,7,0,0
BRDA:53,7,1,1
BRDA:60,8,0,1
BRDA:60,8,1,3
BRDA:66,9,0,1
BRDA:66,9,1,2
BRDA:75,10,0,1
BRDA:75,10,1,1
BRDA:89,11,0,2
BRDA:89,11,1,2
BRDA:105,12,0,1
BRDA:105,12,1,2
BRDA:114,13,0,1
BRDA:114,13,1,2
BRDA:126,14,0,1
BRDA:126,14,1,2
BRDA:131,15,0,1
BRDA:131,15,1,2
BRF:38
BRH:37
end_of_record
TN:
SF:routes\services.js
FN:8,(anonymous_0)
FN:22,(anonymous_1)
FN:38,(anonymous_2)
FN:46,(anonymous_3)
FN:47,(anonymous_4)
FN:65,(anonymous_5)
FNF:6
FNH:5
FNDA:3,(anonymous_0)
FNDA:6,(anonymous_1)
FNDA:0,(anonymous_2)
FNDA:13,(anonymous_3)
FNDA:3,(anonymous_4)
FNDA:3,(anonymous_5)
DA:6,1
DA:8,1
DA:9,3
DA:11,3
DA:12,1
DA:14,2
DA:16,2
DA:18,1
DA:22,1
DA:23,6
DA:24,6
DA:26,6
DA:27,1
DA:30,5
DA:31,5
DA:32,1
DA:36,5
DA:37,1
DA:38,1
DA:40,4
DA:41,4
DA:43,5
DA:44,5
DA:46,5
DA:47,13
DA:48,3
DA:50,1
DA:51,1
DA:53,1
DA:56,13
DA:59,5
DA:61,0
DA:65,1
DA:66,3
DA:67,3
DA:69,3
DA:70,1
DA:71,1
DA:72,1
DA:75,2
DA:76,2
DA:77,1
DA:78,1
DA:81,3
DA:82,1
DA:84,2
DA:86,0
LF:47
LH:45
BRDA:11,0,0,1
BRDA:11,0,1,2
BRDA:24,1,0,5
BRDA:26,2,0,1
BRDA:26,2,1,5
BRDA:26,3,0,6
BRDA:26,3,1,6
BRDA:31,4,0,1
BRDA:31,4,1,4
BRDA:31,5,0,5
BRDA:31,5,1,5
BRDA:36,6,0,1
BRDA:36,6,1,4
BRDA:48,7,0,2
BRDA:48,7,1,1
BRDA:53,8,0,1
BRDA:53,8,1,1
BRDA:69,9,0,1
BRDA:69,9,1,2
BRDA:71,10,0,1
BRDA:71,10,1,0
BRDA:76,11,0,1
BRDA:76,11,1,1
BRDA:81,12,0,1
BRDA:81,12,1,2
BRF:25
BRH:24
end_of_record
